
> wonder-scraper-ui@0.0.0 dev
> vite

node:internal/modules/esm/resolve:274
    throw new ERR_MODULE_NOT_FOUND(
          ^

Error [ERR_MODULE_NOT_FOUND]: Cannot find module '/Users/Cody/.cursor/worktrees/wonder-scraper/LLbqM/frontend/node_modules/vite/dist/node/cli.js' imported from /Users/Cody/.cursor/worktrees/wonder-scraper/LLbqM/frontend/node_modules/vite/bin/vite.js
    at finalizeResolution (node:internal/modules/esm/resolve:274:11)
    at moduleResolve (node:internal/modules/esm/resolve:859:10)
    at defaultResolve (node:internal/modules/esm/resolve:983:11)
    at ModuleLoader.defaultResolve (node:internal/modules/esm/loader:799:12)
    at #cachedDefaultResolve (node:internal/modules/esm/loader:723:25)
    at ModuleLoader.resolve (node:internal/modules/esm/loader:706:38)
    at ModuleLoader.getModuleJobForImport (node:internal/modules/esm/loader:307:38)
    at onImport.tracePromise.__proto__ (node:internal/modules/esm/loader:657:36)
    at TracingChannel.tracePromise (node:diagnostics_channel:344:14)
    at ModuleLoader.import (node:internal/modules/esm/loader:656:21) {
  code: 'ERR_MODULE_NOT_FOUND',
  url: 'file:///Users/Cody/.cursor/worktrees/wonder-scraper/LLbqM/frontend/node_modules/vite/dist/node/cli.js'
}

Node.js v24.1.0
